<?xml version="1.0" encoding="UTF-8"?>
<!-- Generated by org.testng.reporters.JUnitReportReporter -->
<testsuite hostname="HANEESH-57" failures="0" tests="9" name="Session45.ParamTest" time="0.257" errors="0" timestamp="2025-07-08T15:58:15 IST" skipped="0">
  <testcase classname="Session45.ParamTest" name="testLogo" time="0.037"/>
  <testcase classname="Session45.ParamTest" name="testLogo" time="0.078"/>
  <testcase classname="Session45.ParamTest" name="testLogo" time="0.085"/>
  <testcase classname="Session45.ParamTest" name="testTitle" time="0.015"/>
  <testcase classname="Session45.ParamTest" name="testTitle" time="0.009"/>
  <testcase classname="Session45.ParamTest" name="testTitle" time="0.004"/>
  <testcase classname="Session45.ParamTest" name="testURL" time="0.007"/>
  <testcase classname="Session45.ParamTest" name="testURL" time="0.013"/>
  <testcase classname="Session45.ParamTest" name="testURL" time="0.009"/>
</testsuite> <!-- Session45.ParamTest -->
